2025-07-08T13:58:34.569+03:00  INFO 25852 --- [fth-demo] [main] c.e.fth.fth_demo.FthDemoApplication      : Starting FthDemoApplication using Java 21.0.1 with PID 25852 (C:\Users\FTH\Documents\VSC Projects\springboot-test1\fth-demo\target\classes started by FTH in C:\Users\FTH\Documents\VSC Projects\springboot-test1\fth-demo)
2025-07-08T13:58:34.571+03:00 DEBUG 25852 --- [fth-demo] [main] c.e.fth.fth_demo.FthDemoApplication      : Running with Spring Boot v3.5.3, Spring v6.2.8
2025-07-08T13:58:34.571+03:00  INFO 25852 --- [fth-demo] [main] c.e.fth.fth_demo.FthDemoApplication      : No active profile set, falling back to 1 default profile: "default"
2025-07-08T13:58:36.569+03:00  INFO 25852 --- [fth-demo] [main] o.s.b.w.embedded.tomcat.TomcatWebServer  : Tomcat initialized with port 8080 (http)
2025-07-08T13:58:36.591+03:00  INFO 25852 --- [fth-demo] [main] o.apache.catalina.core.StandardService   : Starting service [Tomcat]
2025-07-08T13:58:36.592+03:00  INFO 25852 --- [fth-demo] [main] o.apache.catalina.core.StandardEngine    : Starting Servlet engine: [Apache Tomcat/10.1.42]
2025-07-08T13:58:36.733+03:00  INFO 25852 --- [fth-demo] [main] o.a.c.c.C.[Tomcat].[localhost].[/]       : Initializing Spring embedded WebApplicationContext
2025-07-08T13:58:36.734+03:00  INFO 25852 --- [fth-demo] [main] w.s.c.ServletWebServerApplicationContext : Root WebApplicationContext: initialization completed in 2086 ms
2025-07-08T13:58:37.014+03:00 DEBUG 25852 --- [fth-demo] [main] o.s.w.f.ServerHttpObservationFilter      : Filter 'webMvcObservationFilter' configured for use
2025-07-08T13:58:37.257+03:00 DEBUG 25852 --- [fth-demo] [main] s.w.s.m.m.a.RequestMappingHandlerMapping : 2 mappings in 'requestMappingHandlerMapping'
2025-07-08T13:58:37.358+03:00 DEBUG 25852 --- [fth-demo] [main] o.s.w.s.handler.SimpleUrlHandlerMapping  : Patterns [/webjars/**, /**] in 'resourceHandlerMapping'
2025-07-08T13:58:37.402+03:00 DEBUG 25852 --- [fth-demo] [main] s.w.s.m.m.a.RequestMappingHandlerAdapter : ControllerAdvice beans: 0 @ModelAttribute, 0 @InitBinder, 1 RequestBodyAdvice, 1 ResponseBodyAdvice
2025-07-08T13:58:37.484+03:00 DEBUG 25852 --- [fth-demo] [main] .m.m.a.ExceptionHandlerExceptionResolver : ControllerAdvice beans: 0 @ExceptionHandler, 1 ResponseBodyAdvice
2025-07-08T13:58:37.921+03:00  INFO 25852 --- [fth-demo] [main] o.s.b.a.e.web.EndpointLinksResolver      : Exposing 1 endpoint beneath base path '/actuator'
2025-07-08T13:58:38.057+03:00  INFO 25852 --- [fth-demo] [main] o.s.b.w.embedded.tomcat.TomcatWebServer  : Tomcat started on port 8080 (http) with context path '/'
2025-07-08T13:58:38.076+03:00  INFO 25852 --- [fth-demo] [main] c.e.fth.fth_demo.FthDemoApplication      : Started FthDemoApplication in 4.372 seconds (process running for 5.492)
2025-07-08T13:58:39.955+03:00  INFO 25852 --- [fth-demo] [RMI TCP Connection(2)-127.0.0.1] o.a.c.c.C.[Tomcat].[localhost].[/]       : Initializing Spring DispatcherServlet 'dispatcherServlet'
2025-07-08T13:58:39.955+03:00  INFO 25852 --- [fth-demo] [RMI TCP Connection(2)-127.0.0.1] o.s.web.servlet.DispatcherServlet        : Initializing Servlet 'dispatcherServlet'
2025-07-08T13:58:39.955+03:00 DEBUG 25852 --- [fth-demo] [RMI TCP Connection(2)-127.0.0.1] o.s.web.servlet.DispatcherServlet        : Detected StandardServletMultipartResolver
2025-07-08T13:58:39.955+03:00 DEBUG 25852 --- [fth-demo] [RMI TCP Connection(2)-127.0.0.1] o.s.web.servlet.DispatcherServlet        : Detected AcceptHeaderLocaleResolver
2025-07-08T13:58:39.955+03:00 DEBUG 25852 --- [fth-demo] [RMI TCP Connection(2)-127.0.0.1] o.s.web.servlet.DispatcherServlet        : Detected FixedThemeResolver
2025-07-08T13:58:39.955+03:00 DEBUG 25852 --- [fth-demo] [RMI TCP Connection(2)-127.0.0.1] o.s.web.servlet.DispatcherServlet        : Detected org.springframework.web.servlet.view.DefaultRequestToViewNameTranslator@704f4608
2025-07-08T13:58:39.955+03:00 DEBUG 25852 --- [fth-demo] [RMI TCP Connection(2)-127.0.0.1] o.s.web.servlet.DispatcherServlet        : Detected org.springframework.web.servlet.support.SessionFlashMapManager@3edca01b
2025-07-08T13:58:39.955+03:00 DEBUG 25852 --- [fth-demo] [RMI TCP Connection(2)-127.0.0.1] o.s.web.servlet.DispatcherServlet        : enableLoggingRequestDetails='false': request parameters and headers will be masked to prevent unsafe logging of potentially sensitive data
2025-07-08T13:58:39.955+03:00  INFO 25852 --- [fth-demo] [RMI TCP Connection(2)-127.0.0.1] o.s.web.servlet.DispatcherServlet        : Completed initialization in 0 ms
2025-07-08T13:58:55.767+03:00 DEBUG 25852 --- [fth-demo] [http-nio-8080-exec-1] o.s.web.servlet.DispatcherServlet        : GET "/", parameters={}
2025-07-08T13:58:55.774+03:00 DEBUG 25852 --- [fth-demo] [http-nio-8080-exec-1] o.s.w.s.handler.SimpleUrlHandlerMapping  : Mapped to ResourceHttpRequestHandler [classpath [META-INF/resources/], classpath [resources/], classpath [static/], classpath [public/], ServletContext [/]]
2025-07-08T13:58:55.786+03:00 DEBUG 25852 --- [fth-demo] [http-nio-8080-exec-1] o.s.w.s.r.ResourceHttpRequestHandler     : Resource not found
2025-07-08T13:58:55.797+03:00 DEBUG 25852 --- [fth-demo] [http-nio-8080-exec-1] .w.s.m.s.DefaultHandlerExceptionResolver : Resolved [org.springframework.web.servlet.resource.NoResourceFoundException: No static resource .]
2025-07-08T13:58:55.799+03:00 DEBUG 25852 --- [fth-demo] [http-nio-8080-exec-1] o.s.web.servlet.DispatcherServlet        : Completed 404 NOT_FOUND
2025-07-08T13:58:55.814+03:00 DEBUG 25852 --- [fth-demo] [http-nio-8080-exec-1] o.s.web.servlet.DispatcherServlet        : "ERROR" dispatch for GET "/error", parameters={}
2025-07-08T13:58:55.816+03:00 DEBUG 25852 --- [fth-demo] [http-nio-8080-exec-1] s.w.s.m.m.a.RequestMappingHandlerMapping : Mapped to org.springframework.boot.autoconfigure.web.servlet.error.BasicErrorController#errorHtml(HttpServletRequest, HttpServletResponse)
2025-07-08T13:58:55.875+03:00 DEBUG 25852 --- [fth-demo] [http-nio-8080-exec-1] o.s.w.s.v.ContentNegotiatingViewResolver : Selected 'text/html' given [text/html, text/html;q=0.8]
2025-07-08T13:58:55.891+03:00 DEBUG 25852 --- [fth-demo] [http-nio-8080-exec-1] o.s.web.servlet.DispatcherServlet        : Exiting from "ERROR" dispatch, status 404
2025-07-08T14:00:50.339+03:00 DEBUG 25852 --- [fth-demo] [http-nio-8080-exec-4] o.s.web.servlet.DispatcherServlet        : GET "/actuator", parameters={}
2025-07-08T14:00:50.353+03:00 DEBUG 25852 --- [fth-demo] [http-nio-8080-exec-4] m.m.a.RequestResponseBodyMethodProcessor : Using 'application/vnd.spring-boot.actuator.v3+json;q=0.8', given [text/html, application/xhtml+xml, image/avif, image/webp, image/apng, application/xml;q=0.9, */*;q=0.8, application/signed-exchange;v=b3;q=0.7] and supported [application/vnd.spring-boot.actuator.v3+json, application/vnd.spring-boot.actuator.v2+json, application/json]
2025-07-08T14:00:50.369+03:00 DEBUG 25852 --- [fth-demo] [http-nio-8080-exec-4] m.m.a.RequestResponseBodyMethodProcessor : Writing [{_links={self=[Link@2fd609ec href = 'http://localhost:8080/actuator'], health=[Link@78b9a90a href =  (truncated)...]
2025-07-08T14:00:50.397+03:00 DEBUG 25852 --- [fth-demo] [http-nio-8080-exec-4] o.s.web.servlet.DispatcherServlet        : Completed 200 OK
2025-07-08T14:01:00.114+03:00 DEBUG 25852 --- [fth-demo] [http-nio-8080-exec-5] o.s.web.servlet.DispatcherServlet        : GET "/actuator/logs", parameters={}
2025-07-08T14:01:00.119+03:00 DEBUG 25852 --- [fth-demo] [http-nio-8080-exec-5] o.s.w.s.handler.SimpleUrlHandlerMapping  : Mapped to ResourceHttpRequestHandler [classpath [META-INF/resources/], classpath [resources/], classpath [static/], classpath [public/], ServletContext [/]]
2025-07-08T14:01:00.123+03:00 DEBUG 25852 --- [fth-demo] [http-nio-8080-exec-5] o.s.w.s.r.ResourceHttpRequestHandler     : Resource not found
2025-07-08T14:01:00.126+03:00 DEBUG 25852 --- [fth-demo] [http-nio-8080-exec-5] .w.s.m.s.DefaultHandlerExceptionResolver : Resolved [org.springframework.web.servlet.resource.NoResourceFoundException: No static resource actuator/logs.]
2025-07-08T14:01:00.126+03:00 DEBUG 25852 --- [fth-demo] [http-nio-8080-exec-5] o.s.web.servlet.DispatcherServlet        : Completed 404 NOT_FOUND
2025-07-08T14:01:00.127+03:00 DEBUG 25852 --- [fth-demo] [http-nio-8080-exec-5] o.s.web.servlet.DispatcherServlet        : "ERROR" dispatch for GET "/error", parameters={}
2025-07-08T14:01:00.130+03:00 DEBUG 25852 --- [fth-demo] [http-nio-8080-exec-5] s.w.s.m.m.a.RequestMappingHandlerMapping : Mapped to org.springframework.boot.autoconfigure.web.servlet.error.BasicErrorController#errorHtml(HttpServletRequest, HttpServletResponse)
2025-07-08T14:01:00.133+03:00 DEBUG 25852 --- [fth-demo] [http-nio-8080-exec-5] o.s.w.s.v.ContentNegotiatingViewResolver : Selected 'text/html' given [text/html, text/html;q=0.8]
2025-07-08T14:01:00.134+03:00 DEBUG 25852 --- [fth-demo] [http-nio-8080-exec-5] o.s.web.servlet.DispatcherServlet        : Exiting from "ERROR" dispatch, status 404
2025-07-08T14:01:07.535+03:00 DEBUG 25852 --- [fth-demo] [http-nio-8080-exec-6] o.s.web.servlet.DispatcherServlet        : GET "/actuator/health", parameters={}
2025-07-08T14:01:07.549+03:00 DEBUG 25852 --- [fth-demo] [http-nio-8080-exec-6] m.m.a.RequestResponseBodyMethodProcessor : Read "application/octet-stream" to []
2025-07-08T14:01:07.583+03:00 DEBUG 25852 --- [fth-demo] [http-nio-8080-exec-6] o.s.w.s.m.m.a.HttpEntityMethodProcessor  : Using 'application/vnd.spring-boot.actuator.v3+json;q=0.8', given [text/html, application/xhtml+xml, image/avif, image/webp, image/apng, application/xml;q=0.9, */*;q=0.8, application/signed-exchange;v=b3;q=0.7] and supported [application/vnd.spring-boot.actuator.v3+json, application/vnd.spring-boot.actuator.v2+json, application/json]
2025-07-08T14:01:07.602+03:00 DEBUG 25852 --- [fth-demo] [http-nio-8080-exec-6] o.s.w.s.m.m.a.HttpEntityMethodProcessor  : Writing [org.springframework.boot.actuate.health.SystemHealth@431151af]
2025-07-08T14:01:07.605+03:00 DEBUG 25852 --- [fth-demo] [http-nio-8080-exec-6] o.s.web.servlet.DispatcherServlet        : Completed 200 OK
2025-07-08T14:05:10.798+03:00 DEBUG 25852 --- [fth-demo] [http-nio-8080-exec-9] o.s.web.servlet.DispatcherServlet        : GET "/", parameters={}
2025-07-08T14:05:10.800+03:00 DEBUG 25852 --- [fth-demo] [http-nio-8080-exec-9] o.s.w.s.handler.SimpleUrlHandlerMapping  : Mapped to ResourceHttpRequestHandler [classpath [META-INF/resources/], classpath [resources/], classpath [static/], classpath [public/], ServletContext [/]]
2025-07-08T14:05:10.800+03:00 DEBUG 25852 --- [fth-demo] [http-nio-8080-exec-9] o.s.w.s.r.ResourceHttpRequestHandler     : Resource not found
2025-07-08T14:05:10.800+03:00 DEBUG 25852 --- [fth-demo] [http-nio-8080-exec-9] .w.s.m.s.DefaultHandlerExceptionResolver : Resolved [org.springframework.web.servlet.resource.NoResourceFoundException: No static resource .]
2025-07-08T14:05:10.805+03:00 DEBUG 25852 --- [fth-demo] [http-nio-8080-exec-9] o.s.web.servlet.DispatcherServlet        : Completed 404 NOT_FOUND
2025-07-08T14:05:10.808+03:00 DEBUG 25852 --- [fth-demo] [http-nio-8080-exec-9] o.s.web.servlet.DispatcherServlet        : "ERROR" dispatch for GET "/error", parameters={}
2025-07-08T14:05:10.811+03:00 DEBUG 25852 --- [fth-demo] [http-nio-8080-exec-9] s.w.s.m.m.a.RequestMappingHandlerMapping : Mapped to org.springframework.boot.autoconfigure.web.servlet.error.BasicErrorController#errorHtml(HttpServletRequest, HttpServletResponse)
2025-07-08T14:05:10.814+03:00 DEBUG 25852 --- [fth-demo] [http-nio-8080-exec-9] o.s.w.s.v.ContentNegotiatingViewResolver : Selected 'text/html' given [text/html, text/html;q=0.8]
2025-07-08T14:05:10.815+03:00 DEBUG 25852 --- [fth-demo] [http-nio-8080-exec-9] o.s.web.servlet.DispatcherServlet        : Exiting from "ERROR" dispatch, status 404
2025-07-08T14:05:19.433+03:00 DEBUG 25852 --- [fth-demo] [http-nio-8080-exec-10] o.s.web.servlet.DispatcherServlet        : GET "/", parameters={}
2025-07-08T14:05:19.433+03:00 DEBUG 25852 --- [fth-demo] [http-nio-8080-exec-10] o.s.w.s.handler.SimpleUrlHandlerMapping  : Mapped to ResourceHttpRequestHandler [classpath [META-INF/resources/], classpath [resources/], classpath [static/], classpath [public/], ServletContext [/]]
2025-07-08T14:05:19.433+03:00 DEBUG 25852 --- [fth-demo] [http-nio-8080-exec-10] o.s.w.s.r.ResourceHttpRequestHandler     : Resource not found
2025-07-08T14:05:19.442+03:00 DEBUG 25852 --- [fth-demo] [http-nio-8080-exec-10] .w.s.m.s.DefaultHandlerExceptionResolver : Resolved [org.springframework.web.servlet.resource.NoResourceFoundException: No static resource .]
2025-07-08T14:05:19.442+03:00 DEBUG 25852 --- [fth-demo] [http-nio-8080-exec-10] o.s.web.servlet.DispatcherServlet        : Completed 404 NOT_FOUND
2025-07-08T14:05:19.442+03:00 DEBUG 25852 --- [fth-demo] [http-nio-8080-exec-10] o.s.web.servlet.DispatcherServlet        : "ERROR" dispatch for GET "/error", parameters={}
2025-07-08T14:05:19.450+03:00 DEBUG 25852 --- [fth-demo] [http-nio-8080-exec-10] s.w.s.m.m.a.RequestMappingHandlerMapping : Mapped to org.springframework.boot.autoconfigure.web.servlet.error.BasicErrorController#errorHtml(HttpServletRequest, HttpServletResponse)
2025-07-08T14:05:19.454+03:00 DEBUG 25852 --- [fth-demo] [http-nio-8080-exec-10] o.s.w.s.v.ContentNegotiatingViewResolver : Selected 'text/html' given [text/html, text/html;q=0.8]
2025-07-08T14:05:19.454+03:00 DEBUG 25852 --- [fth-demo] [http-nio-8080-exec-10] o.s.web.servlet.DispatcherServlet        : Exiting from "ERROR" dispatch, status 404
2025-07-08T14:05:19.976+03:00 DEBUG 25852 --- [fth-demo] [http-nio-8080-exec-1] o.s.web.servlet.DispatcherServlet        : GET "/", parameters={}
2025-07-08T14:05:19.976+03:00 DEBUG 25852 --- [fth-demo] [http-nio-8080-exec-1] o.s.w.s.handler.SimpleUrlHandlerMapping  : Mapped to ResourceHttpRequestHandler [classpath [META-INF/resources/], classpath [resources/], classpath [static/], classpath [public/], ServletContext [/]]
2025-07-08T14:05:19.985+03:00 DEBUG 25852 --- [fth-demo] [http-nio-8080-exec-1] o.s.w.s.r.ResourceHttpRequestHandler     : Resource not found
2025-07-08T14:05:19.987+03:00 DEBUG 25852 --- [fth-demo] [http-nio-8080-exec-1] .w.s.m.s.DefaultHandlerExceptionResolver : Resolved [org.springframework.web.servlet.resource.NoResourceFoundException: No static resource .]
2025-07-08T14:05:19.988+03:00 DEBUG 25852 --- [fth-demo] [http-nio-8080-exec-1] o.s.web.servlet.DispatcherServlet        : Completed 404 NOT_FOUND
2025-07-08T14:05:19.990+03:00 DEBUG 25852 --- [fth-demo] [http-nio-8080-exec-1] o.s.web.servlet.DispatcherServlet        : "ERROR" dispatch for GET "/error", parameters={}
2025-07-08T14:05:19.992+03:00 DEBUG 25852 --- [fth-demo] [http-nio-8080-exec-1] s.w.s.m.m.a.RequestMappingHandlerMapping : Mapped to org.springframework.boot.autoconfigure.web.servlet.error.BasicErrorController#errorHtml(HttpServletRequest, HttpServletResponse)
2025-07-08T14:05:19.995+03:00 DEBUG 25852 --- [fth-demo] [http-nio-8080-exec-1] o.s.w.s.v.ContentNegotiatingViewResolver : Selected 'text/html' given [text/html, text/html;q=0.8]
2025-07-08T14:05:19.995+03:00 DEBUG 25852 --- [fth-demo] [http-nio-8080-exec-1] o.s.web.servlet.DispatcherServlet        : Exiting from "ERROR" dispatch, status 404
2025-07-08T14:05:20.161+03:00 DEBUG 25852 --- [fth-demo] [http-nio-8080-exec-2] o.s.web.servlet.DispatcherServlet        : GET "/", parameters={}
2025-07-08T14:05:20.162+03:00 DEBUG 25852 --- [fth-demo] [http-nio-8080-exec-2] o.s.w.s.handler.SimpleUrlHandlerMapping  : Mapped to ResourceHttpRequestHandler [classpath [META-INF/resources/], classpath [resources/], classpath [static/], classpath [public/], ServletContext [/]]
2025-07-08T14:05:20.163+03:00 DEBUG 25852 --- [fth-demo] [http-nio-8080-exec-2] o.s.w.s.r.ResourceHttpRequestHandler     : Resource not found
2025-07-08T14:05:20.163+03:00 DEBUG 25852 --- [fth-demo] [http-nio-8080-exec-2] .w.s.m.s.DefaultHandlerExceptionResolver : Resolved [org.springframework.web.servlet.resource.NoResourceFoundException: No static resource .]
2025-07-08T14:05:20.164+03:00 DEBUG 25852 --- [fth-demo] [http-nio-8080-exec-2] o.s.web.servlet.DispatcherServlet        : Completed 404 NOT_FOUND
2025-07-08T14:05:20.165+03:00 DEBUG 25852 --- [fth-demo] [http-nio-8080-exec-2] o.s.web.servlet.DispatcherServlet        : "ERROR" dispatch for GET "/error", parameters={}
2025-07-08T14:05:20.167+03:00 DEBUG 25852 --- [fth-demo] [http-nio-8080-exec-2] s.w.s.m.m.a.RequestMappingHandlerMapping : Mapped to org.springframework.boot.autoconfigure.web.servlet.error.BasicErrorController#errorHtml(HttpServletRequest, HttpServletResponse)
2025-07-08T14:05:20.170+03:00 DEBUG 25852 --- [fth-demo] [http-nio-8080-exec-2] o.s.w.s.v.ContentNegotiatingViewResolver : Selected 'text/html' given [text/html, text/html;q=0.8]
2025-07-08T14:05:20.171+03:00 DEBUG 25852 --- [fth-demo] [http-nio-8080-exec-2] o.s.web.servlet.DispatcherServlet        : Exiting from "ERROR" dispatch, status 404
2025-07-08T14:05:20.311+03:00 DEBUG 25852 --- [fth-demo] [http-nio-8080-exec-3] o.s.web.servlet.DispatcherServlet        : GET "/", parameters={}
2025-07-08T14:05:20.313+03:00 DEBUG 25852 --- [fth-demo] [http-nio-8080-exec-3] o.s.w.s.handler.SimpleUrlHandlerMapping  : Mapped to ResourceHttpRequestHandler [classpath [META-INF/resources/], classpath [resources/], classpath [static/], classpath [public/], ServletContext [/]]
2025-07-08T14:05:20.314+03:00 DEBUG 25852 --- [fth-demo] [http-nio-8080-exec-3] o.s.w.s.r.ResourceHttpRequestHandler     : Resource not found
2025-07-08T14:05:20.315+03:00 DEBUG 25852 --- [fth-demo] [http-nio-8080-exec-3] .w.s.m.s.DefaultHandlerExceptionResolver : Resolved [org.springframework.web.servlet.resource.NoResourceFoundException: No static resource .]
2025-07-08T14:05:20.316+03:00 DEBUG 25852 --- [fth-demo] [http-nio-8080-exec-3] o.s.web.servlet.DispatcherServlet        : Completed 404 NOT_FOUND
2025-07-08T14:05:20.319+03:00 DEBUG 25852 --- [fth-demo] [http-nio-8080-exec-3] o.s.web.servlet.DispatcherServlet        : "ERROR" dispatch for GET "/error", parameters={}
2025-07-08T14:05:20.322+03:00 DEBUG 25852 --- [fth-demo] [http-nio-8080-exec-3] s.w.s.m.m.a.RequestMappingHandlerMapping : Mapped to org.springframework.boot.autoconfigure.web.servlet.error.BasicErrorController#errorHtml(HttpServletRequest, HttpServletResponse)
2025-07-08T14:05:20.327+03:00 DEBUG 25852 --- [fth-demo] [http-nio-8080-exec-3] o.s.w.s.v.ContentNegotiatingViewResolver : Selected 'text/html' given [text/html, text/html;q=0.8]
2025-07-08T14:05:20.329+03:00 DEBUG 25852 --- [fth-demo] [http-nio-8080-exec-3] o.s.web.servlet.DispatcherServlet        : Exiting from "ERROR" dispatch, status 404
2025-07-08T14:05:20.505+03:00 DEBUG 25852 --- [fth-demo] [http-nio-8080-exec-4] o.s.web.servlet.DispatcherServlet        : GET "/", parameters={}
2025-07-08T14:05:20.507+03:00 DEBUG 25852 --- [fth-demo] [http-nio-8080-exec-4] o.s.w.s.handler.SimpleUrlHandlerMapping  : Mapped to ResourceHttpRequestHandler [classpath [META-INF/resources/], classpath [resources/], classpath [static/], classpath [public/], ServletContext [/]]
2025-07-08T14:05:20.508+03:00 DEBUG 25852 --- [fth-demo] [http-nio-8080-exec-4] o.s.w.s.r.ResourceHttpRequestHandler     : Resource not found
2025-07-08T14:05:20.509+03:00 DEBUG 25852 --- [fth-demo] [http-nio-8080-exec-4] .w.s.m.s.DefaultHandlerExceptionResolver : Resolved [org.springframework.web.servlet.resource.NoResourceFoundException: No static resource .]
2025-07-08T14:05:20.509+03:00 DEBUG 25852 --- [fth-demo] [http-nio-8080-exec-4] o.s.web.servlet.DispatcherServlet        : Completed 404 NOT_FOUND
2025-07-08T14:05:20.511+03:00 DEBUG 25852 --- [fth-demo] [http-nio-8080-exec-4] o.s.web.servlet.DispatcherServlet        : "ERROR" dispatch for GET "/error", parameters={}
2025-07-08T14:05:20.512+03:00 DEBUG 25852 --- [fth-demo] [http-nio-8080-exec-4] s.w.s.m.m.a.RequestMappingHandlerMapping : Mapped to org.springframework.boot.autoconfigure.web.servlet.error.BasicErrorController#errorHtml(HttpServletRequest, HttpServletResponse)
2025-07-08T14:05:20.518+03:00 DEBUG 25852 --- [fth-demo] [http-nio-8080-exec-4] o.s.w.s.v.ContentNegotiatingViewResolver : Selected 'text/html' given [text/html, text/html;q=0.8]
2025-07-08T14:05:20.519+03:00 DEBUG 25852 --- [fth-demo] [http-nio-8080-exec-4] o.s.web.servlet.DispatcherServlet        : Exiting from "ERROR" dispatch, status 404
